<?xml version="1.0" encoding="UTF-8"?>
<testng-results ignored="0" total="1" passed="1" failed="0" skipped="0">
  <reporter-output>
  </reporter-output>
  <suite started-at="2023-03-26T12:47:36 IST" name="Default suite" finished-at="2023-03-26T12:48:16 IST" duration-ms="40190">
    <groups>
    </groups>
    <test started-at="2023-03-26T12:47:36 IST" name="Default test" finished-at="2023-03-26T12:48:16 IST" duration-ms="40190">
      <class name="com.testngAI.SeleniumDemoAI">
        <test-method signature="verifyTitle()[pri:0, instance:com.testngAI.SeleniumDemoAI@33bc72d1]" started-at="2023-03-26T12:47:36 IST" name="verifyTitle" finished-at="2023-03-26T12:48:16 IST" duration-ms="40020" status="PASS">
          <reporter-output>
          </reporter-output>
        </test-method> <!-- verifyTitle -->
      </class> <!-- com.testngAI.SeleniumDemoAI -->
    </test> <!-- Default test -->
  </suite> <!-- Default suite -->
</testng-results>
